#######################################################################################
# fsdb.xxxxx.log : log primitive debug message of FSDB Reader
# This is for R&D to analyze when there are issues happening when FSDB reading
# The corresponding FSDB file is /home/hedu07/KSB/0402_adder/inter.fsdb
#######################################################################################
[BASIC]Reader version : Chronologic Simulation VCS Release W-2024.09-SP1_Full64
[BASIC]simulator version : Chronologic Simulation VCS Release W-2024.09-SP1_Full64
[BASIC]dumper version : FSDB Dumper for VCS, Release Verdi_W-2024.09-SP2, Linux x86_64/64bit, 03/03/2025
Async open disabled.
[READSCOPE]ReadScopeTree calling time is 2
[READSCOPE]ReadScope_PartialLoad calling time is 0
[READSCOPE]Scope read by partial load count is 0
[READSCOPE]Scope read count is 21
[READSCOPE]Decompressed blk is 7
[MAXCHAIN]Decompressed cnt 1
[PERF]VC decompress count : 1
[PERF]VCChain decompress count : 4
[FSDBGate Info] start
[FSDBGate Info] Total fhdb_compute_count = 0
[FSDBGate Info] end
