Command: /home/hedu07/KSB/0402_adder/simv -sml=verdi +fsdb+gate=off -ucli2Proc -ucli -l /home/hedu07/KSB/0402_adder/verdiLog/sim.log
Chronologic VCS simulator copyright 1991-2024
Contains Synopsys proprietary information.
Compiler version W-2024.09-SP1_Full64; Runtime version W-2024.09-SP1_Full64;  Apr  2 16:41 2026
Warning : License for product VCS-BASE-RUNTIME will expire within 20 days, on: 21-apr-2026.
If you would like to temporarily disable this message, set 
 the VCS_LIC_EXPIRE_WARNING environment variable to the number of days
before expiration that you want this message to start (the minimum is 0).

ucli% loaddl -simv /tools/synopsys/verdi/W-2024.09-SP2/share/PLI/VCS/LINUXAMD64/libnovas.so LoadFSDBDumpCmd;LoadFSDBDumpCmd
LoadFSDBDumpCmd success
ucli% config ckptfsdbcheck off;config endofsim noexit;config onfail {enable all};config followactivescope on;catch {setUcliVerdiConnected};set watch::resultTagsForVerdiBP {<ucli_break_bp_status_begin> <ucli_break_bp_status_end>};set ucliCore::support_restore_through_stask_in_verdi 1;cbug::config pretty_print auto;fsdbDumpfile {/home/hedu07/KSB/0402_adder/inter.fsdb} ;fsdbDumpflush ; 
*Verdi* Loading libsscore_vcs202409.so
FSDB Dumper for VCS, Release Verdi_W-2024.09-SP2, Linux x86_64/64bit, 03/03/2025
(C) 1996 - 2025 by Synopsys, Inc.
*Verdi* FSDB WARNING: The FSDB file already exists. Overwriting the FSDB file may crash the programs that are using this file.
*Verdi* : Create FSDB file '/home/hedu07/KSB/0402_adder/inter.fsdb'
*Verdi* : Flush all FSDB Files at 0 ps.

ucli% fsdbDumpvars 0 "tb_adder.dut.a"  +all +trace_process;fsdbDumpvars 0 "tb_adder.dut.b"  +all +trace_process;fsdbDumpvars 0 "tb_adder.dut.y"  +all +trace_process
*Verdi* : Dumping the signal (tb_adder.dut.a).
*Verdi* : Dumping the signal (tb_adder.dut.b).
*Verdi* : Dumping the signal (tb_adder.dut.y).

ucli% stop -line 15 -file /home/hedu07/KSB/0402_adder/tb_adder.sv
1
ucli% synEnv::hasFataled
0
ucli% ucliCore::getToolPID
4191824
ucli% sps_interactive
*Verdi* : Enable RPC Server(4191824)

ucli% ucliCore::getToolPID
4191824
ucli% ucliCore::getToolPID
4191824
ucli% if {[catch {ucliCore::setFocus tool}]} {}

ucli% puts $ucliCore::nativeUcliMode
0

ucli% ucliCore::getToolTopPID
4191824
ucli% pid
4191866
ucli% synUtils::sendTool -active {_icl_createSharedMemory /tmp/vcs_dve_general.hedu07.4191824 }

ucli% if { [info vars watch::vcbp_str_len_limit_of_get_value] != ""} {set watch::vcbp_str_len_limit_of_get_value 1024}
1024
ucli% info command stateVerdiChangeCB

ucli% proc stateVerdiChangeCB args { if {$ucliGUI::state eq "terminated"} {puts "\n<VERDI_Terminated>\n";catch {setVerdiSimTerminated}}}

ucli% trace variable ucliGUI::state wu stateVerdiChangeCB

ucli% if {[catch {rename synopsys::restore verdiHack::restore} ]} {puts "0"}

ucli% proc synopsys::restore {args} { verdiHack::restore $args; puts "\n<VERDI_RESTORE>\n"}

ucli% if {[catch {rename quit verdiHack::quit} ]} {puts "0"}

ucli% proc quit {args} { if {[string length $args] == 0} { verdiHack::quit; } elseif {([string equal "-h" $args] == 1)||([string equal "-he" $args] == 1)||([string equal "-hel" $args] == 1)||([string equal "-help" $args] == 1)} { puts "\n quit           # Exit the simulation.\n \[-noprompt\]        (Exit the simulation and Verdi.)\n"} elseif {([string equal "-n" $args] == 1)||([string equal "-no" $args] == 1)||([string equal "-nop" $args] == 1)||([string equal "-nopr" $args] == 1)||([string equal "-nopro" $args] == 1)||([string equal "-noprom" $args] == 1)||([string equal "-nopromp" $args] == 1)||([string equal "-noprompt" $args] == 1)} { puts "\nVERDI_EXIT_N\n" } else { verdiHack::quit $args; } }

ucli% if {[catch {rename exit verdiHack::exit} ]} {puts "0"}

ucli% proc exit {args} { if {[string length $args] == 0} { verdiHack::exit; } elseif {([string equal "-h" $args] == 1)||([string equal "-he" $args] == 1)||([string equal "-hel" $args] == 1)||([string equal "-help" $args] == 1)} { puts "\n exit           # Exit the simulation.\n \[-noprompt\]        (Exit the simulation and Verdi.)\n"} elseif {([string equal "-n" $args] == 1)||([string equal "-no" $args] == 1)||([string equal "-nop" $args] == 1)||([string equal "-nopr" $args] == 1)||([string equal "-nopro" $args] == 1)||([string equal "-noprom" $args] == 1)||([string equal "-nopromp" $args] == 1)||([string equal "-noprompt" $args] == 1)} { puts "\nVERDI_EXIT_N\n" } else { verdiHack::exit $args; } }

ucli% proc checkpoint::beforeRecreate {} { sps_interactive }

ucli% if {[catch {ucliCore::setFocus tool}]} {}

ucli% save::getUserdefinedProcs
::stateVerdiChangeCB ::LoadFSDBDumpCmd
ucli% set ucliCore::resultTagsForVerdi [list <?special_verdi_begin?> <?special_verdi_end?>]
<?special_verdi_begin?> <?special_verdi_end?>
ucli% if {[catch {ucliCore::setFocus tool}]} {}

ucli% fsdbDumpflush 
*Verdi* : Flush all FSDB Files at 0 ps.

ucli% if {[catch {ucliCore::setFocus tool}]} {}

ucli% fsdbDumpflush 
*Verdi* : Flush all FSDB Files at 0 ps.

ucli% senv
activeDomain: Verilog
activeFile: tb_adder.sv
activeFrame: 
activeLine: 1
activeScope: tb_adder
activeThread: 
endCol: 0
file: tb_adder.sv
frame: 
fsdbFilename: 
hasTB: 0
inputFilename: 
keyFilename: ucli.key
line: 1
logFilename: /home/hedu07/KSB/0402_adder/verdiLog/sim.log
macroIndex: -1
macroOffset: -1
pid: 4191824
scope: tb_adder
startCol: 0
state: stopped
thread: 
time: 0
timePrecision: 1 ps
vcdFilename: 
vpdFilename:
ucli% synUtils::resolveSourceFilename tb_adder.sv
tb_adder.sv
ucli% puts $::ucliCore::cbug_active
0

ucli% if {[catch {ucliCore::setFocus tool}]} {}

ucli% checkpoint -list -all
There are no checkpoints present.
ucli% if {[catch {ucliCore::setFocus tool}]} {}

ucli% stop
1: -line 15 -file /home/hedu07/KSB/0402_adder/tb_adder.sv
ucli% if {[catch {ucliCore::setFocus tool}]} {}

ucli% run
*Verdi* WARNING: Env/runtime option has specified fsdbfile name as "/home/hedu07/KSB/0402_adder/inter.fsdb". Fsdbfile name in task "wave.fsdb" is ignored.
*Verdi* : Begin traversing the scopes, layer (0).
*Verdi* : End of traversing.

Stop point #1 @ 0 ps;  
ucli% synEnv::hasFataled
0
ucli% ucliCore::getToolPID
4191824
ucli% synEnv::isFinished
0
ucli% save::getUserdefinedProcs
::stateVerdiChangeCB ::LoadFSDBDumpCmd
ucli% if {[catch {ucliCore::setFocus tool}]} {}

ucli% fsdbDumpflush 
*Verdi* : Flush all FSDB Files at 0 ps.

ucli% senv
activeDomain: Verilog
activeFile: tb_adder.sv
activeFrame: 
activeLine: 15
activeScope: tb_adder
activeThread: 
endCol: 0
file: tb_adder.sv
frame: 
fsdbFilename: 
hasTB: 0
inputFilename: 
keyFilename: ucli.key
line: 15
logFilename: /home/hedu07/KSB/0402_adder/verdiLog/sim.log
macroIndex: -1
macroOffset: -1
pid: 4191824
scope: tb_adder
startCol: 0
state: stopped
thread: 
time: 0
timePrecision: 1 ps
vcdFilename: 
vpdFilename:
ucli% synUtils::resolveSourceFilename tb_adder.sv
tb_adder.sv
ucli% puts $::ucliCore::cbug_active
0

ucli% if {[catch {ucliCore::setFocus tool}]} {}

ucli% checkpoint -list -all
There are no checkpoints present.
ucli% if {[catch {ucliCore::setFocus tool}]} {}

ucli% stop
1: -line 15 -file /home/hedu07/KSB/0402_adder/tb_adder.sv
ucli% if {[catch {ucliCore::setFocus tool}]} {}

ucli% next
tb_adder.sv, 16 : 		b = 0;
ucli% synEnv::hasFataled
0
ucli% ucliCore::getToolPID
4191824
ucli% synEnv::isFinished
0
ucli% save::getUserdefinedProcs
::stateVerdiChangeCB ::LoadFSDBDumpCmd
ucli% if {[catch {ucliCore::setFocus tool}]} {}

ucli% fsdbDumpflush 
*Verdi* : Flush all FSDB Files at 0 ps.

ucli% senv
activeDomain: Verilog
activeFile: tb_adder.sv
activeFrame: 
activeLine: 16
activeScope: tb_adder
activeThread: 
endCol: 0
file: tb_adder.sv
frame: 
fsdbFilename: 
hasTB: 0
inputFilename: 
keyFilename: ucli.key
line: 16
logFilename: /home/hedu07/KSB/0402_adder/verdiLog/sim.log
macroIndex: -1
macroOffset: -1
pid: 4191824
scope: tb_adder
startCol: 0
state: stopped
thread: 
time: 0
timePrecision: 1 ps
vcdFilename: 
vpdFilename:
ucli% synUtils::resolveSourceFilename tb_adder.sv
tb_adder.sv
ucli% puts $::ucliCore::cbug_active
0

ucli% if {[catch {ucliCore::setFocus tool}]} {}

ucli% checkpoint -list -all
There are no checkpoints present.
ucli% if {[catch {ucliCore::setFocus tool}]} {}

ucli% stop
1: -line 15 -file /home/hedu07/KSB/0402_adder/tb_adder.sv
ucli% if {[catch {ucliCore::setFocus tool}]} {}

ucli% next
adder.sv, 6 : 	assign y = a + b;
ucli% synEnv::hasFataled
0
ucli% ucliCore::getToolPID
4191824
ucli% synEnv::isFinished
0
ucli% save::getUserdefinedProcs
::stateVerdiChangeCB ::LoadFSDBDumpCmd
ucli% if {[catch {ucliCore::setFocus tool}]} {}

ucli% fsdbDumpflush 
*Verdi* : Flush all FSDB Files at 0 ps.

ucli% senv
activeDomain: Verilog
activeFile: adder.sv
activeFrame: 
activeLine: 6
activeScope: tb_adder.dut
activeThread: 
endCol: 0
file: adder.sv
frame: 
fsdbFilename: 
hasTB: 0
inputFilename: 
keyFilename: ucli.key
line: 6
logFilename: /home/hedu07/KSB/0402_adder/verdiLog/sim.log
macroIndex: -1
macroOffset: -1
pid: 4191824
scope: tb_adder.dut
startCol: 0
state: stopped
thread: 
time: 0
timePrecision: 1 ps
vcdFilename: 
vpdFilename:
ucli% synUtils::resolveSourceFilename adder.sv
adder.sv
ucli% puts $::ucliCore::cbug_active
0

ucli% if {[catch {ucliCore::setFocus tool}]} {}

ucli% checkpoint -list -all
There are no checkpoints present.
ucli% if {[catch {ucliCore::setFocus tool}]} {}

ucli% stop
1: -line 15 -file /home/hedu07/KSB/0402_adder/tb_adder.sv
ucli% if {[catch {ucliCore::setFocus tool}]} {}

ucli% next
tb_adder.sv, 17 : 		#10;
ucli% synEnv::hasFataled
0
ucli% ucliCore::getToolPID
4191824
ucli% synEnv::isFinished
0
ucli% save::getUserdefinedProcs
::stateVerdiChangeCB ::LoadFSDBDumpCmd
ucli% if {[catch {ucliCore::setFocus tool}]} {}

ucli% fsdbDumpflush 
*Verdi* : Flush all FSDB Files at 0 ps.

ucli% senv
activeDomain: Verilog
activeFile: tb_adder.sv
activeFrame: 
activeLine: 17
activeScope: tb_adder
activeThread: 
endCol: 0
file: tb_adder.sv
frame: 
fsdbFilename: 
hasTB: 0
inputFilename: 
keyFilename: ucli.key
line: 17
logFilename: /home/hedu07/KSB/0402_adder/verdiLog/sim.log
macroIndex: -1
macroOffset: -1
pid: 4191824
scope: tb_adder
startCol: 0
state: stopped
thread: 
time: 0
timePrecision: 1 ps
vcdFilename: 
vpdFilename:
ucli% synUtils::resolveSourceFilename tb_adder.sv
tb_adder.sv
ucli% puts $::ucliCore::cbug_active
0

ucli% if {[catch {ucliCore::setFocus tool}]} {}

ucli% checkpoint -list -all
There are no checkpoints present.
ucli% if {[catch {ucliCore::setFocus tool}]} {}

ucli% stop
1: -line 15 -file /home/hedu07/KSB/0402_adder/tb_adder.sv
ucli% if {[catch {ucliCore::setFocus tool}]} {}

ucli% next
tb_adder.sv, 18 : 		$display("%0d + %0d = %0d", a, b, y);
ucli% synEnv::hasFataled
0
ucli% ucliCore::getToolPID
4191824
ucli% synEnv::isFinished
0
ucli% save::getUserdefinedProcs
::stateVerdiChangeCB ::LoadFSDBDumpCmd
ucli% if {[catch {ucliCore::setFocus tool}]} {}

ucli% fsdbDumpflush 
*Verdi* : Flush all FSDB Files at 10,000 ps.

ucli% senv
activeDomain: Verilog
activeFile: tb_adder.sv
activeFrame: 
activeLine: 18
activeScope: tb_adder
activeThread: 
endCol: 0
file: tb_adder.sv
frame: 
fsdbFilename: 
hasTB: 0
inputFilename: 
keyFilename: ucli.key
line: 18
logFilename: /home/hedu07/KSB/0402_adder/verdiLog/sim.log
macroIndex: -1
macroOffset: -1
pid: 4191824
scope: tb_adder
startCol: 0
state: stopped
thread: 
time: 10000
timePrecision: 1 ps
vcdFilename: 
vpdFilename:
ucli% synUtils::resolveSourceFilename tb_adder.sv
tb_adder.sv
ucli% puts $::ucliCore::cbug_active
0

ucli% if {[catch {ucliCore::setFocus tool}]} {}

ucli% checkpoint -list -all
There are no checkpoints present.
ucli% if {[catch {ucliCore::setFocus tool}]} {}

ucli% stop
1: -line 15 -file /home/hedu07/KSB/0402_adder/tb_adder.sv
ucli% if {[catch {ucliCore::setFocus tool}]} {}

ucli% next
<slp!&*()_+>
0 + 0 = 0
<slb!&*()_+>---<sls!&*()_+>loc: -1<sls!&*()_+>src: tb_adder.sv<sls!&*()_+>line: 18<sls!&*()_+>time: 10000 ps<sls!&*()_+>length: 0<sls!&*()_+>...<sls!&*()_+><sle!&*()_+>
tb_adder.sv, 19 : 		#10;
ucli% synEnv::hasFataled
0
ucli% ucliCore::getToolPID
4191824
ucli% synEnv::isFinished
0
ucli% save::getUserdefinedProcs
::stateVerdiChangeCB ::LoadFSDBDumpCmd
ucli% if {[catch {ucliCore::setFocus tool}]} {}

ucli% fsdbDumpflush 
*Verdi* : Flush all FSDB Files at 10,000 ps.

ucli% senv
activeDomain: Verilog
activeFile: tb_adder.sv
activeFrame: 
activeLine: 19
activeScope: tb_adder
activeThread: 
endCol: 0
file: tb_adder.sv
frame: 
fsdbFilename: 
hasTB: 0
inputFilename: 
keyFilename: ucli.key
line: 19
logFilename: /home/hedu07/KSB/0402_adder/verdiLog/sim.log
macroIndex: -1
macroOffset: -1
pid: 4191824
scope: tb_adder
startCol: 0
state: stopped
thread: 
time: 10000
timePrecision: 1 ps
vcdFilename: 
vpdFilename:
ucli% synUtils::resolveSourceFilename tb_adder.sv
tb_adder.sv
ucli% puts $::ucliCore::cbug_active
0

ucli% if {[catch {ucliCore::setFocus tool}]} {}

ucli% checkpoint -list -all
There are no checkpoints present.
ucli% if {[catch {ucliCore::setFocus tool}]} {}

ucli% stop
1: -line 15 -file /home/hedu07/KSB/0402_adder/tb_adder.sv
ucli% if {[catch {ucliCore::setFocus tool}]} {}

ucli% next
tb_adder.sv, 21 : 		a = 10;
ucli% synEnv::hasFataled
0
ucli% ucliCore::getToolPID
4191824
ucli% synEnv::isFinished
0
ucli% save::getUserdefinedProcs
::stateVerdiChangeCB ::LoadFSDBDumpCmd
ucli% if {[catch {ucliCore::setFocus tool}]} {}

ucli% fsdbDumpflush 
*Verdi* : Flush all FSDB Files at 20,000 ps.

ucli% senv
activeDomain: Verilog
activeFile: tb_adder.sv
activeFrame: 
activeLine: 21
activeScope: tb_adder
activeThread: 
endCol: 0
file: tb_adder.sv
frame: 
fsdbFilename: 
hasTB: 0
inputFilename: 
keyFilename: ucli.key
line: 21
logFilename: /home/hedu07/KSB/0402_adder/verdiLog/sim.log
macroIndex: -1
macroOffset: -1
pid: 4191824
scope: tb_adder
startCol: 0
state: stopped
thread: 
time: 20000
timePrecision: 1 ps
vcdFilename: 
vpdFilename:
ucli% synUtils::resolveSourceFilename tb_adder.sv
tb_adder.sv
ucli% puts $::ucliCore::cbug_active
0

ucli% if {[catch {ucliCore::setFocus tool}]} {}

ucli% checkpoint -list -all
There are no checkpoints present.
ucli% if {[catch {ucliCore::setFocus tool}]} {}

ucli% stop
1: -line 15 -file /home/hedu07/KSB/0402_adder/tb_adder.sv
ucli% if {[catch {ucliCore::setFocus tool}]} {}

ucli% next
tb_adder.sv, 22 : 		b = 20;
ucli% synEnv::hasFataled
0
ucli% ucliCore::getToolPID
4191824
ucli% synEnv::isFinished
0
ucli% save::getUserdefinedProcs
::stateVerdiChangeCB ::LoadFSDBDumpCmd
ucli% if {[catch {ucliCore::setFocus tool}]} {}

ucli% fsdbDumpflush 
*Verdi* : Flush all FSDB Files at 20,000 ps.

ucli% senv
activeDomain: Verilog
activeFile: tb_adder.sv
activeFrame: 
activeLine: 22
activeScope: tb_adder
activeThread: 
endCol: 0
file: tb_adder.sv
frame: 
fsdbFilename: 
hasTB: 0
inputFilename: 
keyFilename: ucli.key
line: 22
logFilename: /home/hedu07/KSB/0402_adder/verdiLog/sim.log
macroIndex: -1
macroOffset: -1
pid: 4191824
scope: tb_adder
startCol: 0
state: stopped
thread: 
time: 20000
timePrecision: 1 ps
vcdFilename: 
vpdFilename:
ucli% synUtils::resolveSourceFilename tb_adder.sv
tb_adder.sv
ucli% puts $::ucliCore::cbug_active
0

ucli% if {[catch {ucliCore::setFocus tool}]} {}

ucli% checkpoint -list -all
There are no checkpoints present.
ucli% if {[catch {ucliCore::setFocus tool}]} {}

ucli% stop
1: -line 15 -file /home/hedu07/KSB/0402_adder/tb_adder.sv
ucli% if {[catch {ucliCore::setFocus tool}]} {}

ucli% next
adder.sv, 6 : 	assign y = a + b;
ucli% synEnv::hasFataled
0
ucli% ucliCore::getToolPID
4191824
ucli% synEnv::isFinished
0
ucli% save::getUserdefinedProcs
::stateVerdiChangeCB ::LoadFSDBDumpCmd
ucli% if {[catch {ucliCore::setFocus tool}]} {}

ucli% fsdbDumpflush 
*Verdi* : Flush all FSDB Files at 20,000 ps.

ucli% senv
activeDomain: Verilog
activeFile: adder.sv
activeFrame: 
activeLine: 6
activeScope: tb_adder.dut
activeThread: 
endCol: 0
file: adder.sv
frame: 
fsdbFilename: 
hasTB: 0
inputFilename: 
keyFilename: ucli.key
line: 6
logFilename: /home/hedu07/KSB/0402_adder/verdiLog/sim.log
macroIndex: -1
macroOffset: -1
pid: 4191824
scope: tb_adder.dut
startCol: 0
state: stopped
thread: 
time: 20000
timePrecision: 1 ps
vcdFilename: 
vpdFilename:
ucli% synUtils::resolveSourceFilename adder.sv
adder.sv
ucli% puts $::ucliCore::cbug_active
0

ucli% if {[catch {ucliCore::setFocus tool}]} {}

ucli% checkpoint -list -all
There are no checkpoints present.
ucli% if {[catch {ucliCore::setFocus tool}]} {}

ucli% stop
1: -line 15 -file /home/hedu07/KSB/0402_adder/tb_adder.sv
ucli% if {[catch {ucliCore::setFocus tool}]} {}

ucli% next
tb_adder.sv, 23 : 		#10;
ucli% synEnv::hasFataled
0
ucli% ucliCore::getToolPID
4191824
ucli% synEnv::isFinished
0
ucli% save::getUserdefinedProcs
::stateVerdiChangeCB ::LoadFSDBDumpCmd
ucli% if {[catch {ucliCore::setFocus tool}]} {}

ucli% fsdbDumpflush 
*Verdi* : Flush all FSDB Files at 20,000 ps.

ucli% senv
activeDomain: Verilog
activeFile: tb_adder.sv
activeFrame: 
activeLine: 23
activeScope: tb_adder
activeThread: 
endCol: 0
file: tb_adder.sv
frame: 
fsdbFilename: 
hasTB: 0
inputFilename: 
keyFilename: ucli.key
line: 23
logFilename: /home/hedu07/KSB/0402_adder/verdiLog/sim.log
macroIndex: -1
macroOffset: -1
pid: 4191824
scope: tb_adder
startCol: 0
state: stopped
thread: 
time: 20000
timePrecision: 1 ps
vcdFilename: 
vpdFilename:
ucli% synUtils::resolveSourceFilename tb_adder.sv
tb_adder.sv
ucli% puts $::ucliCore::cbug_active
0

ucli% if {[catch {ucliCore::setFocus tool}]} {}

ucli% checkpoint -list -all
There are no checkpoints present.
ucli% if {[catch {ucliCore::setFocus tool}]} {}

ucli% stop
1: -line 15 -file /home/hedu07/KSB/0402_adder/tb_adder.sv
ucli% if {[catch {ucliCore::setFocus tool}]} {}

ucli% next
tb_adder.sv, 24 : 		$display("%0d + %0d = %0d", a, b, y);
ucli% synEnv::hasFataled
0
ucli% ucliCore::getToolPID
4191824
ucli% synEnv::isFinished
0
ucli% save::getUserdefinedProcs
::stateVerdiChangeCB ::LoadFSDBDumpCmd
ucli% if {[catch {ucliCore::setFocus tool}]} {}

ucli% fsdbDumpflush 
*Verdi* : Flush all FSDB Files at 30,000 ps.

ucli% senv
activeDomain: Verilog
activeFile: tb_adder.sv
activeFrame: 
activeLine: 24
activeScope: tb_adder
activeThread: 
endCol: 0
file: tb_adder.sv
frame: 
fsdbFilename: 
hasTB: 0
inputFilename: 
keyFilename: ucli.key
line: 24
logFilename: /home/hedu07/KSB/0402_adder/verdiLog/sim.log
macroIndex: -1
macroOffset: -1
pid: 4191824
scope: tb_adder
startCol: 0
state: stopped
thread: 
time: 30000
timePrecision: 1 ps
vcdFilename: 
vpdFilename:
ucli% synUtils::resolveSourceFilename tb_adder.sv
tb_adder.sv
ucli% puts $::ucliCore::cbug_active
0

ucli% if {[catch {ucliCore::setFocus tool}]} {}

ucli% checkpoint -list -all
There are no checkpoints present.
ucli% if {[catch {ucliCore::setFocus tool}]} {}

ucli% stop
1: -line 15 -file /home/hedu07/KSB/0402_adder/tb_adder.sv
ucli% if {[catch {ucliCore::setFocus tool}]} {}

ucli% next
<slp!&*()_+>
10 + 20 = 30
<slb!&*()_+>---<sls!&*()_+>loc: -1<sls!&*()_+>src: tb_adder.sv<sls!&*()_+>line: 24<sls!&*()_+>time: 30000 ps<sls!&*()_+>length: 0<sls!&*()_+>...<sls!&*()_+><sle!&*()_+>
tb_adder.sv, 25 : 		#10;
ucli% synEnv::hasFataled
0
ucli% ucliCore::getToolPID
4191824
ucli% synEnv::isFinished
0
ucli% save::getUserdefinedProcs
::stateVerdiChangeCB ::LoadFSDBDumpCmd
ucli% if {[catch {ucliCore::setFocus tool}]} {}

ucli% fsdbDumpflush 
*Verdi* : Flush all FSDB Files at 30,000 ps.

ucli% senv
activeDomain: Verilog
activeFile: tb_adder.sv
activeFrame: 
activeLine: 25
activeScope: tb_adder
activeThread: 
endCol: 0
file: tb_adder.sv
frame: 
fsdbFilename: 
hasTB: 0
inputFilename: 
keyFilename: ucli.key
line: 25
logFilename: /home/hedu07/KSB/0402_adder/verdiLog/sim.log
macroIndex: -1
macroOffset: -1
pid: 4191824
scope: tb_adder
startCol: 0
state: stopped
thread: 
time: 30000
timePrecision: 1 ps
vcdFilename: 
vpdFilename:
ucli% synUtils::resolveSourceFilename tb_adder.sv
tb_adder.sv
ucli% puts $::ucliCore::cbug_active
0

ucli% if {[catch {ucliCore::setFocus tool}]} {}

ucli% checkpoint -list -all
There are no checkpoints present.
ucli% if {[catch {ucliCore::setFocus tool}]} {}

ucli% stop
1: -line 15 -file /home/hedu07/KSB/0402_adder/tb_adder.sv
ucli% if {[catch {ucliCore::setFocus tool}]} {}

ucli% next
tb_adder.sv, 27 : 		a = 30;
ucli% synEnv::hasFataled
0
ucli% ucliCore::getToolPID
4191824
ucli% synEnv::isFinished
0
ucli% save::getUserdefinedProcs
::stateVerdiChangeCB ::LoadFSDBDumpCmd
ucli% if {[catch {ucliCore::setFocus tool}]} {}

ucli% fsdbDumpflush 
*Verdi* : Flush all FSDB Files at 40,000 ps.

ucli% senv
activeDomain: Verilog
activeFile: tb_adder.sv
activeFrame: 
activeLine: 27
activeScope: tb_adder
activeThread: 
endCol: 0
file: tb_adder.sv
frame: 
fsdbFilename: 
hasTB: 0
inputFilename: 
keyFilename: ucli.key
line: 27
logFilename: /home/hedu07/KSB/0402_adder/verdiLog/sim.log
macroIndex: -1
macroOffset: -1
pid: 4191824
scope: tb_adder
startCol: 0
state: stopped
thread: 
time: 40000
timePrecision: 1 ps
vcdFilename: 
vpdFilename:
ucli% synUtils::resolveSourceFilename tb_adder.sv
tb_adder.sv
ucli% puts $::ucliCore::cbug_active
0

ucli% if {[catch {ucliCore::setFocus tool}]} {}

ucli% checkpoint -list -all
There are no checkpoints present.
ucli% if {[catch {ucliCore::setFocus tool}]} {}

ucli% stop
1: -line 15 -file /home/hedu07/KSB/0402_adder/tb_adder.sv
ucli% if {[catch {ucliCore::setFocus tool}]} {}

ucli% next
tb_adder.sv, 28 : 		b = 20;
ucli% synEnv::hasFataled
0
ucli% ucliCore::getToolPID
4191824
ucli% synEnv::isFinished
0
ucli% save::getUserdefinedProcs
::stateVerdiChangeCB ::LoadFSDBDumpCmd
ucli% if {[catch {ucliCore::setFocus tool}]} {}

ucli% fsdbDumpflush 
*Verdi* : Flush all FSDB Files at 40,000 ps.

ucli% senv
activeDomain: Verilog
activeFile: tb_adder.sv
activeFrame: 
activeLine: 28
activeScope: tb_adder
activeThread: 
endCol: 0
file: tb_adder.sv
frame: 
fsdbFilename: 
hasTB: 0
inputFilename: 
keyFilename: ucli.key
line: 28
logFilename: /home/hedu07/KSB/0402_adder/verdiLog/sim.log
macroIndex: -1
macroOffset: -1
pid: 4191824
scope: tb_adder
startCol: 0
state: stopped
thread: 
time: 40000
timePrecision: 1 ps
vcdFilename: 
vpdFilename:
ucli% synUtils::resolveSourceFilename tb_adder.sv
tb_adder.sv
ucli% puts $::ucliCore::cbug_active
0

ucli% if {[catch {ucliCore::setFocus tool}]} {}

ucli% checkpoint -list -all
There are no checkpoints present.
ucli% if {[catch {ucliCore::setFocus tool}]} {}

ucli% stop
1: -line 15 -file /home/hedu07/KSB/0402_adder/tb_adder.sv
ucli% if {[catch {ucliCore::setFocus tool}]} {}

ucli% next
adder.sv, 6 : 	assign y = a + b;
ucli% synEnv::hasFataled
0
ucli% ucliCore::getToolPID
4191824
ucli% synEnv::isFinished
0
ucli% save::getUserdefinedProcs
::stateVerdiChangeCB ::LoadFSDBDumpCmd
ucli% if {[catch {ucliCore::setFocus tool}]} {}

ucli% fsdbDumpflush 
*Verdi* : Flush all FSDB Files at 40,000 ps.

ucli% senv
activeDomain: Verilog
activeFile: adder.sv
activeFrame: 
activeLine: 6
activeScope: tb_adder.dut
activeThread: 
endCol: 0
file: adder.sv
frame: 
fsdbFilename: 
hasTB: 0
inputFilename: 
keyFilename: ucli.key
line: 6
logFilename: /home/hedu07/KSB/0402_adder/verdiLog/sim.log
macroIndex: -1
macroOffset: -1
pid: 4191824
scope: tb_adder.dut
startCol: 0
state: stopped
thread: 
time: 40000
timePrecision: 1 ps
vcdFilename: 
vpdFilename:
ucli% synUtils::resolveSourceFilename adder.sv
adder.sv
ucli% puts $::ucliCore::cbug_active
0

ucli% if {[catch {ucliCore::setFocus tool}]} {}

ucli% checkpoint -list -all
There are no checkpoints present.
ucli% if {[catch {ucliCore::setFocus tool}]} {}

ucli% stop
1: -line 15 -file /home/hedu07/KSB/0402_adder/tb_adder.sv
ucli% if {[catch {ucliCore::setFocus tool}]} {}

ucli% next
tb_adder.sv, 29 : 		#10;
ucli% synEnv::hasFataled
0
ucli% ucliCore::getToolPID
4191824
ucli% synEnv::isFinished
0
ucli% save::getUserdefinedProcs
::stateVerdiChangeCB ::LoadFSDBDumpCmd
ucli% if {[catch {ucliCore::setFocus tool}]} {}

ucli% fsdbDumpflush 
*Verdi* : Flush all FSDB Files at 40,000 ps.

ucli% senv
activeDomain: Verilog
activeFile: tb_adder.sv
activeFrame: 
activeLine: 29
activeScope: tb_adder
activeThread: 
endCol: 0
file: tb_adder.sv
frame: 
fsdbFilename: 
hasTB: 0
inputFilename: 
keyFilename: ucli.key
line: 29
logFilename: /home/hedu07/KSB/0402_adder/verdiLog/sim.log
macroIndex: -1
macroOffset: -1
pid: 4191824
scope: tb_adder
startCol: 0
state: stopped
thread: 
time: 40000
timePrecision: 1 ps
vcdFilename: 
vpdFilename:
ucli% synUtils::resolveSourceFilename tb_adder.sv
tb_adder.sv
ucli% puts $::ucliCore::cbug_active
0

ucli% if {[catch {ucliCore::setFocus tool}]} {}

ucli% checkpoint -list -all
There are no checkpoints present.
ucli% if {[catch {ucliCore::setFocus tool}]} {}

ucli% stop
1: -line 15 -file /home/hedu07/KSB/0402_adder/tb_adder.sv
ucli% if {[catch {ucliCore::setFocus tool}]} {}

ucli% next
tb_adder.sv, 30 : 		$display("%0d + %0d = %0d", a, b, y);
ucli% synEnv::hasFataled
0
ucli% ucliCore::getToolPID
4191824
ucli% synEnv::isFinished
0
ucli% save::getUserdefinedProcs
::stateVerdiChangeCB ::LoadFSDBDumpCmd
ucli% if {[catch {ucliCore::setFocus tool}]} {}

ucli% fsdbDumpflush 
*Verdi* : Flush all FSDB Files at 50,000 ps.

ucli% senv
activeDomain: Verilog
activeFile: tb_adder.sv
activeFrame: 
activeLine: 30
activeScope: tb_adder
activeThread: 
endCol: 0
file: tb_adder.sv
frame: 
fsdbFilename: 
hasTB: 0
inputFilename: 
keyFilename: ucli.key
line: 30
logFilename: /home/hedu07/KSB/0402_adder/verdiLog/sim.log
macroIndex: -1
macroOffset: -1
pid: 4191824
scope: tb_adder
startCol: 0
state: stopped
thread: 
time: 50000
timePrecision: 1 ps
vcdFilename: 
vpdFilename:
ucli% synUtils::resolveSourceFilename tb_adder.sv
tb_adder.sv
ucli% puts $::ucliCore::cbug_active
0

ucli% if {[catch {ucliCore::setFocus tool}]} {}

ucli% checkpoint -list -all
There are no checkpoints present.
ucli% if {[catch {ucliCore::setFocus tool}]} {}

ucli% stop
1: -line 15 -file /home/hedu07/KSB/0402_adder/tb_adder.sv
ucli% if {[catch {ucliCore::setFocus tool}]} {}

ucli% next
<slp!&*()_+>
30 + 20 = 50
<slb!&*()_+>---<sls!&*()_+>loc: -1<sls!&*()_+>src: tb_adder.sv<sls!&*()_+>line: 30<sls!&*()_+>time: 50000 ps<sls!&*()_+>length: 0<sls!&*()_+>...<sls!&*()_+><sle!&*()_+>
tb_adder.sv, 31 : 		#10;
ucli% synEnv::hasFataled
0
ucli% ucliCore::getToolPID
4191824
ucli% synEnv::isFinished
0
ucli% save::getUserdefinedProcs
::stateVerdiChangeCB ::LoadFSDBDumpCmd
ucli% if {[catch {ucliCore::setFocus tool}]} {}

ucli% fsdbDumpflush 
*Verdi* : Flush all FSDB Files at 50,000 ps.

ucli% senv
activeDomain: Verilog
activeFile: tb_adder.sv
activeFrame: 
activeLine: 31
activeScope: tb_adder
activeThread: 
endCol: 0
file: tb_adder.sv
frame: 
fsdbFilename: 
hasTB: 0
inputFilename: 
keyFilename: ucli.key
line: 31
logFilename: /home/hedu07/KSB/0402_adder/verdiLog/sim.log
macroIndex: -1
macroOffset: -1
pid: 4191824
scope: tb_adder
startCol: 0
state: stopped
thread: 
time: 50000
timePrecision: 1 ps
vcdFilename: 
vpdFilename:
ucli% synUtils::resolveSourceFilename tb_adder.sv
tb_adder.sv
ucli% puts $::ucliCore::cbug_active
0

ucli% if {[catch {ucliCore::setFocus tool}]} {}

ucli% checkpoint -list -all
There are no checkpoints present.
ucli% if {[catch {ucliCore::setFocus tool}]} {}

ucli% stop
1: -line 15 -file /home/hedu07/KSB/0402_adder/tb_adder.sv
ucli% if {[catch {ucliCore::setFocus tool}]} {}

ucli% next
tb_adder.sv, 33 : 		a = 8;
ucli% synEnv::hasFataled
0
ucli% ucliCore::getToolPID
4191824
ucli% synEnv::isFinished
0
ucli% save::getUserdefinedProcs
::stateVerdiChangeCB ::LoadFSDBDumpCmd
ucli% if {[catch {ucliCore::setFocus tool}]} {}

ucli% fsdbDumpflush 
*Verdi* : Flush all FSDB Files at 60,000 ps.

ucli% senv
activeDomain: Verilog
activeFile: tb_adder.sv
activeFrame: 
activeLine: 33
activeScope: tb_adder
activeThread: 
endCol: 0
file: tb_adder.sv
frame: 
fsdbFilename: 
hasTB: 0
inputFilename: 
keyFilename: ucli.key
line: 33
logFilename: /home/hedu07/KSB/0402_adder/verdiLog/sim.log
macroIndex: -1
macroOffset: -1
pid: 4191824
scope: tb_adder
startCol: 0
state: stopped
thread: 
time: 60000
timePrecision: 1 ps
vcdFilename: 
vpdFilename:
ucli% synUtils::resolveSourceFilename tb_adder.sv
tb_adder.sv
ucli% puts $::ucliCore::cbug_active
0

ucli% if {[catch {ucliCore::setFocus tool}]} {}

ucli% checkpoint -list -all
There are no checkpoints present.
ucli% if {[catch {ucliCore::setFocus tool}]} {}

ucli% stop
1: -line 15 -file /home/hedu07/KSB/0402_adder/tb_adder.sv
ucli% if {[catch {ucliCore::setFocus tool}]} {}

ucli% next
tb_adder.sv, 34 : 		b = 1;
ucli% synEnv::hasFataled
0
ucli% ucliCore::getToolPID
4191824
ucli% synEnv::isFinished
0
ucli% save::getUserdefinedProcs
::stateVerdiChangeCB ::LoadFSDBDumpCmd
ucli% if {[catch {ucliCore::setFocus tool}]} {}

ucli% fsdbDumpflush 
*Verdi* : Flush all FSDB Files at 60,000 ps.

ucli% senv
activeDomain: Verilog
activeFile: tb_adder.sv
activeFrame: 
activeLine: 34
activeScope: tb_adder
activeThread: 
endCol: 0
file: tb_adder.sv
frame: 
fsdbFilename: 
hasTB: 0
inputFilename: 
keyFilename: ucli.key
line: 34
logFilename: /home/hedu07/KSB/0402_adder/verdiLog/sim.log
macroIndex: -1
macroOffset: -1
pid: 4191824
scope: tb_adder
startCol: 0
state: stopped
thread: 
time: 60000
timePrecision: 1 ps
vcdFilename: 
vpdFilename:
ucli% synUtils::resolveSourceFilename tb_adder.sv
tb_adder.sv
ucli% puts $::ucliCore::cbug_active
0

ucli% if {[catch {ucliCore::setFocus tool}]} {}

ucli% checkpoint -list -all
There are no checkpoints present.
ucli% if {[catch {ucliCore::setFocus tool}]} {}

ucli% stop
1: -line 15 -file /home/hedu07/KSB/0402_adder/tb_adder.sv
ucli% if {[catch {ucliCore::setFocus tool}]} {}

ucli% next
adder.sv, 6 : 	assign y = a + b;
ucli% synEnv::hasFataled
0
ucli% ucliCore::getToolPID
4191824
ucli% synEnv::isFinished
0
ucli% save::getUserdefinedProcs
::stateVerdiChangeCB ::LoadFSDBDumpCmd
ucli% if {[catch {ucliCore::setFocus tool}]} {}

ucli% fsdbDumpflush 
*Verdi* : Flush all FSDB Files at 60,000 ps.

ucli% senv
activeDomain: Verilog
activeFile: adder.sv
activeFrame: 
activeLine: 6
activeScope: tb_adder.dut
activeThread: 
endCol: 0
file: adder.sv
frame: 
fsdbFilename: 
hasTB: 0
inputFilename: 
keyFilename: ucli.key
line: 6
logFilename: /home/hedu07/KSB/0402_adder/verdiLog/sim.log
macroIndex: -1
macroOffset: -1
pid: 4191824
scope: tb_adder.dut
startCol: 0
state: stopped
thread: 
time: 60000
timePrecision: 1 ps
vcdFilename: 
vpdFilename:
ucli% synUtils::resolveSourceFilename adder.sv
adder.sv
ucli% puts $::ucliCore::cbug_active
0

ucli% if {[catch {ucliCore::setFocus tool}]} {}

ucli% checkpoint -list -all
There are no checkpoints present.
ucli% if {[catch {ucliCore::setFocus tool}]} {}

ucli% stop
1: -line 15 -file /home/hedu07/KSB/0402_adder/tb_adder.sv
ucli% if {[catch {ucliCore::setFocus tool}]} {}

ucli% next
tb_adder.sv, 35 : 		#10;
ucli% synEnv::hasFataled
0
ucli% ucliCore::getToolPID
4191824
ucli% synEnv::isFinished
0
ucli% save::getUserdefinedProcs
::stateVerdiChangeCB ::LoadFSDBDumpCmd
ucli% if {[catch {ucliCore::setFocus tool}]} {}

ucli% fsdbDumpflush 
*Verdi* : Flush all FSDB Files at 60,000 ps.

ucli% senv
activeDomain: Verilog
activeFile: tb_adder.sv
activeFrame: 
activeLine: 35
activeScope: tb_adder
activeThread: 
endCol: 0
file: tb_adder.sv
frame: 
fsdbFilename: 
hasTB: 0
inputFilename: 
keyFilename: ucli.key
line: 35
logFilename: /home/hedu07/KSB/0402_adder/verdiLog/sim.log
macroIndex: -1
macroOffset: -1
pid: 4191824
scope: tb_adder
startCol: 0
state: stopped
thread: 
time: 60000
timePrecision: 1 ps
vcdFilename: 
vpdFilename:
ucli% synUtils::resolveSourceFilename tb_adder.sv
tb_adder.sv
ucli% puts $::ucliCore::cbug_active
0

ucli% if {[catch {ucliCore::setFocus tool}]} {}

ucli% checkpoint -list -all
There are no checkpoints present.
ucli% if {[catch {ucliCore::setFocus tool}]} {}

ucli% stop
1: -line 15 -file /home/hedu07/KSB/0402_adder/tb_adder.sv
ucli% if {[catch {ucliCore::setFocus tool}]} {}

ucli% next
tb_adder.sv, 36 : 		$display("%0d + %0d = %0d", a, b, y);
ucli% synEnv::hasFataled
0
ucli% ucliCore::getToolPID
4191824
ucli% synEnv::isFinished
0
ucli% save::getUserdefinedProcs
::stateVerdiChangeCB ::LoadFSDBDumpCmd
ucli% if {[catch {ucliCore::setFocus tool}]} {}

ucli% fsdbDumpflush 
*Verdi* : Flush all FSDB Files at 70,000 ps.

ucli% senv
activeDomain: Verilog
activeFile: tb_adder.sv
activeFrame: 
activeLine: 36
activeScope: tb_adder
activeThread: 
endCol: 0
file: tb_adder.sv
frame: 
fsdbFilename: 
hasTB: 0
inputFilename: 
keyFilename: ucli.key
line: 36
logFilename: /home/hedu07/KSB/0402_adder/verdiLog/sim.log
macroIndex: -1
macroOffset: -1
pid: 4191824
scope: tb_adder
startCol: 0
state: stopped
thread: 
time: 70000
timePrecision: 1 ps
vcdFilename: 
vpdFilename:
ucli% synUtils::resolveSourceFilename tb_adder.sv
tb_adder.sv
ucli% puts $::ucliCore::cbug_active
0

ucli% if {[catch {ucliCore::setFocus tool}]} {}

ucli% checkpoint -list -all
There are no checkpoints present.
ucli% if {[catch {ucliCore::setFocus tool}]} {}

ucli% stop
1: -line 15 -file /home/hedu07/KSB/0402_adder/tb_adder.sv
ucli% if {[catch {ucliCore::setFocus tool}]} {}

ucli% next
<slp!&*()_+>
8 + 1 = 9
<slb!&*()_+>---<sls!&*()_+>loc: -1<sls!&*()_+>src: tb_adder.sv<sls!&*()_+>line: 36<sls!&*()_+>time: 70000 ps<sls!&*()_+>length: 0<sls!&*()_+>...<sls!&*()_+><sle!&*()_+>
tb_adder.sv, 37 : 		#10;
ucli% synEnv::hasFataled
0
ucli% ucliCore::getToolPID
4191824
ucli% synEnv::isFinished
0
ucli% save::getUserdefinedProcs
::stateVerdiChangeCB ::LoadFSDBDumpCmd
ucli% if {[catch {ucliCore::setFocus tool}]} {}

ucli% fsdbDumpflush 
*Verdi* : Flush all FSDB Files at 70,000 ps.

ucli% senv
activeDomain: Verilog
activeFile: tb_adder.sv
activeFrame: 
activeLine: 37
activeScope: tb_adder
activeThread: 
endCol: 0
file: tb_adder.sv
frame: 
fsdbFilename: 
hasTB: 0
inputFilename: 
keyFilename: ucli.key
line: 37
logFilename: /home/hedu07/KSB/0402_adder/verdiLog/sim.log
macroIndex: -1
macroOffset: -1
pid: 4191824
scope: tb_adder
startCol: 0
state: stopped
thread: 
time: 70000
timePrecision: 1 ps
vcdFilename: 
vpdFilename:
ucli% synUtils::resolveSourceFilename tb_adder.sv
tb_adder.sv
ucli% puts $::ucliCore::cbug_active
0

ucli% if {[catch {ucliCore::setFocus tool}]} {}

ucli% checkpoint -list -all
There are no checkpoints present.
ucli% if {[catch {ucliCore::setFocus tool}]} {}

ucli% stop
1: -line 15 -file /home/hedu07/KSB/0402_adder/tb_adder.sv
ucli% if {[catch {ucliCore::setFocus tool}]} {}

ucli% next
tb_adder.sv, 39 : 		a = 11;
ucli% synEnv::hasFataled
0
ucli% ucliCore::getToolPID
4191824
ucli% synEnv::isFinished
0
ucli% save::getUserdefinedProcs
::stateVerdiChangeCB ::LoadFSDBDumpCmd
ucli% if {[catch {ucliCore::setFocus tool}]} {}

ucli% fsdbDumpflush 
*Verdi* : Flush all FSDB Files at 80,000 ps.

ucli% senv
activeDomain: Verilog
activeFile: tb_adder.sv
activeFrame: 
activeLine: 39
activeScope: tb_adder
activeThread: 
endCol: 0
file: tb_adder.sv
frame: 
fsdbFilename: 
hasTB: 0
inputFilename: 
keyFilename: ucli.key
line: 39
logFilename: /home/hedu07/KSB/0402_adder/verdiLog/sim.log
macroIndex: -1
macroOffset: -1
pid: 4191824
scope: tb_adder
startCol: 0
state: stopped
thread: 
time: 80000
timePrecision: 1 ps
vcdFilename: 
vpdFilename:
ucli% synUtils::resolveSourceFilename tb_adder.sv
tb_adder.sv
ucli% puts $::ucliCore::cbug_active
0

ucli% if {[catch {ucliCore::setFocus tool}]} {}

ucli% checkpoint -list -all
There are no checkpoints present.
ucli% if {[catch {ucliCore::setFocus tool}]} {}

ucli% stop
1: -line 15 -file /home/hedu07/KSB/0402_adder/tb_adder.sv
ucli% if {[catch {ucliCore::setFocus tool}]} {}

ucli% next
tb_adder.sv, 40 : 		b = 9;
ucli% synEnv::hasFataled
0
ucli% ucliCore::getToolPID
4191824
ucli% synEnv::isFinished
0
ucli% save::getUserdefinedProcs
::stateVerdiChangeCB ::LoadFSDBDumpCmd
ucli% if {[catch {ucliCore::setFocus tool}]} {}

ucli% fsdbDumpflush 
*Verdi* : Flush all FSDB Files at 80,000 ps.

ucli% senv
activeDomain: Verilog
activeFile: tb_adder.sv
activeFrame: 
activeLine: 40
activeScope: tb_adder
activeThread: 
endCol: 0
file: tb_adder.sv
frame: 
fsdbFilename: 
hasTB: 0
inputFilename: 
keyFilename: ucli.key
line: 40
logFilename: /home/hedu07/KSB/0402_adder/verdiLog/sim.log
macroIndex: -1
macroOffset: -1
pid: 4191824
scope: tb_adder
startCol: 0
state: stopped
thread: 
time: 80000
timePrecision: 1 ps
vcdFilename: 
vpdFilename:
ucli% synUtils::resolveSourceFilename tb_adder.sv
tb_adder.sv
ucli% puts $::ucliCore::cbug_active
0

ucli% if {[catch {ucliCore::setFocus tool}]} {}

ucli% checkpoint -list -all
There are no checkpoints present.
ucli% if {[catch {ucliCore::setFocus tool}]} {}

ucli% stop
1: -line 15 -file /home/hedu07/KSB/0402_adder/tb_adder.sv
ucli% if {[catch {ucliCore::setFocus tool}]} {}

ucli% next
adder.sv, 6 : 	assign y = a + b;
ucli% synEnv::hasFataled
0
ucli% ucliCore::getToolPID
4191824
ucli% synEnv::isFinished
0
ucli% save::getUserdefinedProcs
::stateVerdiChangeCB ::LoadFSDBDumpCmd
ucli% if {[catch {ucliCore::setFocus tool}]} {}

ucli% fsdbDumpflush 
*Verdi* : Flush all FSDB Files at 80,000 ps.

ucli% senv
activeDomain: Verilog
activeFile: adder.sv
activeFrame: 
activeLine: 6
activeScope: tb_adder.dut
activeThread: 
endCol: 0
file: adder.sv
frame: 
fsdbFilename: 
hasTB: 0
inputFilename: 
keyFilename: ucli.key
line: 6
logFilename: /home/hedu07/KSB/0402_adder/verdiLog/sim.log
macroIndex: -1
macroOffset: -1
pid: 4191824
scope: tb_adder.dut
startCol: 0
state: stopped
thread: 
time: 80000
timePrecision: 1 ps
vcdFilename: 
vpdFilename:
ucli% synUtils::resolveSourceFilename adder.sv
adder.sv
ucli% puts $::ucliCore::cbug_active
0

ucli% if {[catch {ucliCore::setFocus tool}]} {}

ucli% checkpoint -list -all
There are no checkpoints present.
ucli% if {[catch {ucliCore::setFocus tool}]} {}

ucli% stop
1: -line 15 -file /home/hedu07/KSB/0402_adder/tb_adder.sv
ucli% if {[catch {ucliCore::setFocus tool}]} {}

ucli% next
tb_adder.sv, 41 : 		#10;
ucli% synEnv::hasFataled
0
ucli% ucliCore::getToolPID
4191824
ucli% synEnv::isFinished
0
ucli% save::getUserdefinedProcs
::stateVerdiChangeCB ::LoadFSDBDumpCmd
ucli% if {[catch {ucliCore::setFocus tool}]} {}

ucli% fsdbDumpflush 
*Verdi* : Flush all FSDB Files at 80,000 ps.

ucli% senv
activeDomain: Verilog
activeFile: tb_adder.sv
activeFrame: 
activeLine: 41
activeScope: tb_adder
activeThread: 
endCol: 0
file: tb_adder.sv
frame: 
fsdbFilename: 
hasTB: 0
inputFilename: 
keyFilename: ucli.key
line: 41
logFilename: /home/hedu07/KSB/0402_adder/verdiLog/sim.log
macroIndex: -1
macroOffset: -1
pid: 4191824
scope: tb_adder
startCol: 0
state: stopped
thread: 
time: 80000
timePrecision: 1 ps
vcdFilename: 
vpdFilename:
ucli% synUtils::resolveSourceFilename tb_adder.sv
tb_adder.sv
ucli% puts $::ucliCore::cbug_active
0

ucli% if {[catch {ucliCore::setFocus tool}]} {}

ucli% checkpoint -list -all
There are no checkpoints present.
ucli% if {[catch {ucliCore::setFocus tool}]} {}

ucli% stop
1: -line 15 -file /home/hedu07/KSB/0402_adder/tb_adder.sv
ucli% if {[catch {ucliCore::setFocus tool}]} {}

ucli% next
tb_adder.sv, 42 : 		$display("%0d + %0d = %0d", a, b, y);
ucli% synEnv::hasFataled
0
ucli% ucliCore::getToolPID
4191824
ucli% synEnv::isFinished
0
ucli% save::getUserdefinedProcs
::stateVerdiChangeCB ::LoadFSDBDumpCmd
ucli% if {[catch {ucliCore::setFocus tool}]} {}

ucli% fsdbDumpflush 
*Verdi* : Flush all FSDB Files at 90,000 ps.

ucli% senv
activeDomain: Verilog
activeFile: tb_adder.sv
activeFrame: 
activeLine: 42
activeScope: tb_adder
activeThread: 
endCol: 0
file: tb_adder.sv
frame: 
fsdbFilename: 
hasTB: 0
inputFilename: 
keyFilename: ucli.key
line: 42
logFilename: /home/hedu07/KSB/0402_adder/verdiLog/sim.log
macroIndex: -1
macroOffset: -1
pid: 4191824
scope: tb_adder
startCol: 0
state: stopped
thread: 
time: 90000
timePrecision: 1 ps
vcdFilename: 
vpdFilename:
ucli% synUtils::resolveSourceFilename tb_adder.sv
tb_adder.sv
ucli% puts $::ucliCore::cbug_active
0

ucli% if {[catch {ucliCore::setFocus tool}]} {}

ucli% checkpoint -list -all
There are no checkpoints present.
ucli% if {[catch {ucliCore::setFocus tool}]} {}

ucli% stop
1: -line 15 -file /home/hedu07/KSB/0402_adder/tb_adder.sv
ucli% if {[catch {ucliCore::setFocus tool}]} {}

ucli% next
<slp!&*()_+>
11 + 9 = 20
<slb!&*()_+>---<sls!&*()_+>loc: -1<sls!&*()_+>src: tb_adder.sv<sls!&*()_+>line: 42<sls!&*()_+>time: 90000 ps<sls!&*()_+>length: 0<sls!&*()_+>...<sls!&*()_+><sle!&*()_+>
tb_adder.sv, 43 : 		#10;
ucli% synEnv::hasFataled
0
ucli% ucliCore::getToolPID
4191824
ucli% synEnv::isFinished
0
ucli% save::getUserdefinedProcs
::stateVerdiChangeCB ::LoadFSDBDumpCmd
ucli% if {[catch {ucliCore::setFocus tool}]} {}

ucli% fsdbDumpflush 
*Verdi* : Flush all FSDB Files at 90,000 ps.

ucli% senv
activeDomain: Verilog
activeFile: tb_adder.sv
activeFrame: 
activeLine: 43
activeScope: tb_adder
activeThread: 
endCol: 0
file: tb_adder.sv
frame: 
fsdbFilename: 
hasTB: 0
inputFilename: 
keyFilename: ucli.key
line: 43
logFilename: /home/hedu07/KSB/0402_adder/verdiLog/sim.log
macroIndex: -1
macroOffset: -1
pid: 4191824
scope: tb_adder
startCol: 0
state: stopped
thread: 
time: 90000
timePrecision: 1 ps
vcdFilename: 
vpdFilename:
ucli% synUtils::resolveSourceFilename tb_adder.sv
tb_adder.sv
ucli% puts $::ucliCore::cbug_active
0

ucli% if {[catch {ucliCore::setFocus tool}]} {}

ucli% checkpoint -list -all
There are no checkpoints present.
ucli% if {[catch {ucliCore::setFocus tool}]} {}

ucli% stop
1: -line 15 -file /home/hedu07/KSB/0402_adder/tb_adder.sv
ucli% if {[catch {ucliCore::setFocus tool}]} {}

ucli% next
tb_adder.sv, 45 : 		a = 99;
ucli% synEnv::hasFataled
0
ucli% ucliCore::getToolPID
4191824
ucli% synEnv::isFinished
0
ucli% save::getUserdefinedProcs
::stateVerdiChangeCB ::LoadFSDBDumpCmd
ucli% if {[catch {ucliCore::setFocus tool}]} {}

ucli% fsdbDumpflush 
*Verdi* : Flush all FSDB Files at 100,000 ps.

ucli% senv
activeDomain: Verilog
activeFile: tb_adder.sv
activeFrame: 
activeLine: 45
activeScope: tb_adder
activeThread: 
endCol: 0
file: tb_adder.sv
frame: 
fsdbFilename: 
hasTB: 0
inputFilename: 
keyFilename: ucli.key
line: 45
logFilename: /home/hedu07/KSB/0402_adder/verdiLog/sim.log
macroIndex: -1
macroOffset: -1
pid: 4191824
scope: tb_adder
startCol: 0
state: stopped
thread: 
time: 100000
timePrecision: 1 ps
vcdFilename: 
vpdFilename:
ucli% synUtils::resolveSourceFilename tb_adder.sv
tb_adder.sv
ucli% puts $::ucliCore::cbug_active
0

ucli% if {[catch {ucliCore::setFocus tool}]} {}

ucli% checkpoint -list -all
There are no checkpoints present.
ucli% if {[catch {ucliCore::setFocus tool}]} {}

ucli% stop
1: -line 15 -file /home/hedu07/KSB/0402_adder/tb_adder.sv
ucli% if {[catch {ucliCore::setFocus tool}]} {}

ucli% next
tb_adder.sv, 46 : 		b = 100;
ucli% synEnv::hasFataled
0
ucli% ucliCore::getToolPID
4191824
ucli% synEnv::isFinished
0
ucli% save::getUserdefinedProcs
::stateVerdiChangeCB ::LoadFSDBDumpCmd
ucli% if {[catch {ucliCore::setFocus tool}]} {}

ucli% fsdbDumpflush 
*Verdi* : Flush all FSDB Files at 100,000 ps.

ucli% senv
activeDomain: Verilog
activeFile: tb_adder.sv
activeFrame: 
activeLine: 46
activeScope: tb_adder
activeThread: 
endCol: 0
file: tb_adder.sv
frame: 
fsdbFilename: 
hasTB: 0
inputFilename: 
keyFilename: ucli.key
line: 46
logFilename: /home/hedu07/KSB/0402_adder/verdiLog/sim.log
macroIndex: -1
macroOffset: -1
pid: 4191824
scope: tb_adder
startCol: 0
state: stopped
thread: 
time: 100000
timePrecision: 1 ps
vcdFilename: 
vpdFilename:
ucli% synUtils::resolveSourceFilename tb_adder.sv
tb_adder.sv
ucli% puts $::ucliCore::cbug_active
0

ucli% if {[catch {ucliCore::setFocus tool}]} {}

ucli% checkpoint -list -all
There are no checkpoints present.
ucli% if {[catch {ucliCore::setFocus tool}]} {}

ucli% stop
1: -line 15 -file /home/hedu07/KSB/0402_adder/tb_adder.sv
ucli% if {[catch {ucliCore::setFocus tool}]} {}

ucli% next
adder.sv, 6 : 	assign y = a + b;
ucli% synEnv::hasFataled
0
ucli% ucliCore::getToolPID
4191824
ucli% synEnv::isFinished
0
ucli% save::getUserdefinedProcs
::stateVerdiChangeCB ::LoadFSDBDumpCmd
ucli% if {[catch {ucliCore::setFocus tool}]} {}

ucli% fsdbDumpflush 
*Verdi* : Flush all FSDB Files at 100,000 ps.

ucli% senv
activeDomain: Verilog
activeFile: adder.sv
activeFrame: 
activeLine: 6
activeScope: tb_adder.dut
activeThread: 
endCol: 0
file: adder.sv
frame: 
fsdbFilename: 
hasTB: 0
inputFilename: 
keyFilename: ucli.key
line: 6
logFilename: /home/hedu07/KSB/0402_adder/verdiLog/sim.log
macroIndex: -1
macroOffset: -1
pid: 4191824
scope: tb_adder.dut
startCol: 0
state: stopped
thread: 
time: 100000
timePrecision: 1 ps
vcdFilename: 
vpdFilename:
ucli% synUtils::resolveSourceFilename adder.sv
adder.sv
ucli% puts $::ucliCore::cbug_active
0

ucli% if {[catch {ucliCore::setFocus tool}]} {}

ucli% checkpoint -list -all
There are no checkpoints present.
ucli% if {[catch {ucliCore::setFocus tool}]} {}

ucli% stop
1: -line 15 -file /home/hedu07/KSB/0402_adder/tb_adder.sv
ucli% if {[catch {ucliCore::setFocus tool}]} {}

ucli% next
tb_adder.sv, 47 : 		#10;
ucli% synEnv::hasFataled
0
ucli% ucliCore::getToolPID
4191824
ucli% synEnv::isFinished
0
ucli% save::getUserdefinedProcs
::stateVerdiChangeCB ::LoadFSDBDumpCmd
ucli% if {[catch {ucliCore::setFocus tool}]} {}

ucli% fsdbDumpflush 
*Verdi* : Flush all FSDB Files at 100,000 ps.

ucli% senv
activeDomain: Verilog
activeFile: tb_adder.sv
activeFrame: 
activeLine: 47
activeScope: tb_adder
activeThread: 
endCol: 0
file: tb_adder.sv
frame: 
fsdbFilename: 
hasTB: 0
inputFilename: 
keyFilename: ucli.key
line: 47
logFilename: /home/hedu07/KSB/0402_adder/verdiLog/sim.log
macroIndex: -1
macroOffset: -1
pid: 4191824
scope: tb_adder
startCol: 0
state: stopped
thread: 
time: 100000
timePrecision: 1 ps
vcdFilename: 
vpdFilename:
ucli% synUtils::resolveSourceFilename tb_adder.sv
tb_adder.sv
ucli% puts $::ucliCore::cbug_active
0

ucli% if {[catch {ucliCore::setFocus tool}]} {}

ucli% checkpoint -list -all
There are no checkpoints present.
ucli% if {[catch {ucliCore::setFocus tool}]} {}

ucli% stop
1: -line 15 -file /home/hedu07/KSB/0402_adder/tb_adder.sv
ucli% if {[catch {ucliCore::setFocus tool}]} {}

ucli% next
tb_adder.sv, 48 : 		$finish;
ucli% synEnv::hasFataled
0
ucli% ucliCore::getToolPID
4191824
ucli% synEnv::isFinished
0
ucli% save::getUserdefinedProcs
::stateVerdiChangeCB ::LoadFSDBDumpCmd
ucli% if {[catch {ucliCore::setFocus tool}]} {}

ucli% fsdbDumpflush 
*Verdi* : Flush all FSDB Files at 110,000 ps.

ucli% senv
activeDomain: Verilog
activeFile: tb_adder.sv
activeFrame: 
activeLine: 48
activeScope: tb_adder
activeThread: 
endCol: 0
file: tb_adder.sv
frame: 
fsdbFilename: 
hasTB: 0
inputFilename: 
keyFilename: ucli.key
line: 48
logFilename: /home/hedu07/KSB/0402_adder/verdiLog/sim.log
macroIndex: -1
macroOffset: -1
pid: 4191824
scope: tb_adder
startCol: 0
state: stopped
thread: 
time: 110000
timePrecision: 1 ps
vcdFilename: 
vpdFilename:
ucli% synUtils::resolveSourceFilename tb_adder.sv
tb_adder.sv
ucli% puts $::ucliCore::cbug_active
0

ucli% if {[catch {ucliCore::setFocus tool}]} {}

ucli% checkpoint -list -all
There are no checkpoints present.
ucli% if {[catch {ucliCore::setFocus tool}]} {}

ucli% stop
1: -line 15 -file /home/hedu07/KSB/0402_adder/tb_adder.sv
ucli% if {[catch {ucliCore::setFocus tool}]} {}

ucli% next
$finish called from file "tb_adder.sv", line 48.
$finish at simulation time               110000
Simulation complete, time is 110000 ps.
tb_adder.sv, 48 : 		$finish;

ucli% synEnv::hasFataled
0
ucli% ucliCore::getToolPID
4191824
ucli% save::getUserdefinedProcs
::stateVerdiChangeCB ::LoadFSDBDumpCmd
ucli% if {[catch {ucliCore::setFocus tool}]} {}

ucli% fsdbDumpflush 
*Verdi* : Flush all FSDB Files at 110,000 ps.

ucli% senv
activeDomain: Verilog
activeFile: tb_adder.sv
activeFrame: 
activeLine: 48
activeScope: tb_adder
activeThread: 
endCol: 0
file: tb_adder.sv
frame: 
fsdbFilename: 
hasTB: 0
inputFilename: 
keyFilename: ucli.key
line: 48
logFilename: /home/hedu07/KSB/0402_adder/verdiLog/sim.log
macroIndex: -1
macroOffset: -1
pid: 4191824
scope: tb_adder
startCol: 0
state: stopped
thread: 
time: 110000
timePrecision: 1 ps
vcdFilename: 
vpdFilename:
ucli% synUtils::resolveSourceFilename tb_adder.sv
tb_adder.sv
ucli% puts $::ucliCore::cbug_active
0

ucli% if {[catch {ucliCore::setFocus tool}]} {}

ucli% checkpoint -list -all
There are no checkpoints present.
ucli% if {[catch {ucliCore::setFocus tool}]} {}

ucli% stop
1: -line 15 -file /home/hedu07/KSB/0402_adder/tb_adder.sv
ucli% if {[catch {ucliCore::setFocus tool}]} {}

ucli% finish; quit
           V C S   S i m u l a t i o n   R e p o r t 
Time: 110000 ps
CPU Time:      0.100 seconds;       Data structure size:   0.0Mb
Thu Apr  2 17:02:55 2026

<VERDI_Terminated>

